# JRE version: OpenJDK Runtime Environment Microsoft-8297089 (17.0.8.1+1) (build 17.0.8.1+1-LTS)
# Java VM: OpenJDK 64-Bit Server VM Microsoft-8297089 (17.0.8.1+1-LTS, mixed mode, sharing, tiered, compressed oops, compressed class ptrs, g1 gc, windows-amd64)
GC Precious Log:
 CPUs: 12 total, 12 available
 Memory: 16303M
 Large Page Support: Disabled
 NUMA Support: Disabled
 Compressed Oops: Enabled (32-bit)
 Heap Region Size: 1M
 Heap Min Capacity: 8M
 Heap Initial Capacity: 256M
 Heap Max Capacity: 2G
 Pre-touch: Disabled
 Parallel Workers: 10
 Concurrent Workers: 3
 Concurrent Refinement Workers: 10
 Periodic GC: Disabled
Heap:
 garbage-first heap   total 276480K, used 232690K [0x0000000080000000, 0x0000000100000000)
  region size 1024K, 56 young (57344K), 8 survivors (8192K)
 Metaspace       used 112585K, committed 113728K, reserved 557056K
  class space    used 15116K, committed 15680K, reserved 425984K
GC Heap History (20 events):
Event: 29.610 GC heap before
{Heap before GC invocations=42 (full 0):
 garbage-first heap   total 165888K, used 106476K [0x0000000080000000, 0x0000000100000000)
  region size 1024K, 8 young (8192K), 6 survivors (6144K)
 Metaspace       used 88529K, committed 89280K, reserved 557056K
  class space    used 12185K, committed 12544K, reserved 425984K
}
Event: 29.614 GC heap after
{Heap after GC invocations=43 (full 0):
 garbage-first heap   total 165888K, used 104820K [0x0000000080000000, 0x0000000100000000)
  region size 1024K, 1 young (1024K), 1 survivors (1024K)
 Metaspace       used 88529K, committed 89280K, reserved 557056K
  class space    used 12185K, committed 12544K, reserved 425984K
}
Event: 30.087 GC heap before
{Heap before GC invocations=43 (full 0):
 garbage-first heap   total 165888K, used 133492K [0x0000000080000000, 0x0000000100000000)
  region size 1024K, 30 young (30720K), 1 survivors (1024K)
 Metaspace       used 89750K, committed 90496K, reserved 557056K
  class space    used 12377K, committed 12736K, reserved 425984K
}
Event: 30.092 GC heap after
{Heap after GC invocations=44 (full 0):
 garbage-first heap   total 276480K, used 107048K [0x0000000080000000, 0x0000000100000000)
  region size 1024K, 3 young (3072K), 3 survivors (3072K)
 Metaspace       used 89750K, committed 90496K, reserved 557056K
  class space    used 12377K, committed 12736K, reserved 425984K
}
Event: 31.695 GC heap before
{Heap before GC invocations=44 (full 0):
 garbage-first heap   total 276480K, used 213544K [0x0000000080000000, 0x0000000100000000)
  region size 1024K, 103 young (105472K), 3 survivors (3072K)
 Metaspace       used 96628K, committed 97536K, reserved 557056K
  class space    used 13244K, committed 13696K, reserved 425984K
}
Event: 31.712 GC heap after
{Heap after GC invocations=45 (full 0):
 garbage-first heap   total 276480K, used 128967K [0x0000000080000000, 0x0000000100000000)
  region size 1024K, 13 young (13312K), 13 survivors (13312K)
 Metaspace       used 96628K, committed 97536K, reserved 557056K
  class space    used 13244K, committed 13696K, reserved 425984K
}
Event: 32.987 GC heap before
{Heap before GC invocations=45 (full 0):
 garbage-first heap   total 276480K, used 214983K [0x0000000080000000, 0x0000000100000000)
  region size 1024K, 98 young (100352K), 13 survivors (13312K)
 Metaspace       used 102998K, committed 103872K, reserved 557056K
  class space    used 14076K, committed 14528K, reserved 425984K
}
Event: 32.998 GC heap after
{Heap after GC invocations=46 (full 0):
 garbage-first heap   total 276480K, used 138237K [0x0000000080000000, 0x0000000100000000)
  region size 1024K, 10 young (10240K), 10 survivors (10240K)
 Metaspace       used 102998K, committed 103872K, reserved 557056K
  class space    used 14076K, committed 14528K, reserved 425984K
}
Event: 40.563 GC heap before
{Heap before GC invocations=46 (full 0):
 garbage-first heap   total 276480K, used 217085K [0x0000000080000000, 0x0000000100000000)
  region size 1024K, 88 young (90112K), 10 survivors (10240K)
 Metaspace       used 105787K, committed 106752K, reserved 557056K
  class space    used 14261K, committed 14720K, reserved 425984K
}
Event: 40.574 GC heap after
{Heap after GC invocations=47 (full 0):
 garbage-first heap   total 276480K, used 147456K [0x0000000080000000, 0x0000000100000000)
  region size 1024K, 9 young (9216K), 9 survivors (9216K)
 Metaspace       used 105787K, committed 106752K, reserved 557056K
  class space    used 14261K, committed 14720K, reserved 425984K
}
Event: 41.622 GC heap before
{Heap before GC invocations=47 (full 0):
 garbage-first heap   total 276480K, used 221184K [0x0000000080000000, 0x0000000100000000)
  region size 1024K, 81 young (82944K), 9 survivors (9216K)
 Metaspace       used 110347K, committed 111488K, reserved 557056K
  class space    used 14899K, committed 15424K, reserved 425984K
}
Event: 41.634 GC heap after
{Heap after GC invocations=48 (full 0):
 garbage-first heap   total 276480K, used 158720K [0x0000000080000000, 0x0000000100000000)
  region size 1024K, 11 young (11264K), 11 survivors (11264K)
 Metaspace       used 110347K, committed 111488K, reserved 557056K
  class space    used 14899K, committed 15424K, reserved 425984K
}
Event: 42.368 GC heap before
{Heap before GC invocations=48 (full 0):
 garbage-first heap   total 276480K, used 222208K [0x0000000080000000, 0x0000000100000000)
  region size 1024K, 74 young (75776K), 11 survivors (11264K)
 Metaspace       used 111180K, committed 112256K, reserved 557056K
  class space    used 14975K, committed 15488K, reserved 425984K
}
Event: 42.380 GC heap after
{Heap after GC invocations=49 (full 0):
 garbage-first heap   total 276480K, used 166722K [0x0000000080000000, 0x0000000100000000)
  region size 1024K, 8 young (8192K), 8 survivors (8192K)
 Metaspace       used 111180K, committed 112256K, reserved 557056K
  class space    used 14975K, committed 15488K, reserved 425984K
}
Event: 42.814 GC heap before
{Heap before GC invocations=49 (full 0):
 garbage-first heap   total 276480K, used 225090K [0x0000000080000000, 0x0000000100000000)
  region size 1024K, 66 young (67584K), 8 survivors (8192K)
 Metaspace       used 111553K, committed 112640K, reserved 557056K
  class space    used 15011K, committed 15552K, reserved 425984K
}
Event: 42.823 GC heap after
{Heap after GC invocations=50 (full 0):
 garbage-first heap   total 276480K, used 173139K [0x0000000080000000, 0x0000000100000000)
  region size 1024K, 7 young (7168K), 7 survivors (7168K)
 Metaspace       used 111553K, committed 112640K, reserved 557056K
  class space    used 15011K, committed 15552K, reserved 425984K
}
Event: 43.622 GC heap before
{Heap before GC invocations=50 (full 0):
 garbage-first heap   total 276480K, used 234579K [0x0000000080000000, 0x0000000100000000)
  region size 1024K, 60 young (61440K), 7 survivors (7168K)
 Metaspace       used 111639K, committed 112704K, reserved 557056K
  class space    used 15017K, committed 15552K, reserved 425984K
}
Event: 43.628 GC heap after
{Heap after GC invocations=51 (full 0):
 garbage-first heap   total 276480K, used 177047K [0x0000000080000000, 0x0000000100000000)
  region size 1024K, 4 young (4096K), 4 survivors (4096K)
 Metaspace       used 111639K, committed 112704K, reserved 557056K
  class space    used 15017K, committed 15552K, reserved 425984K
}
Event: 44.010 GC heap before
{Heap before GC invocations=51 (full 0):
 garbage-first heap   total 276480K, used 242583K [0x0000000080000000, 0x0000000100000000)
  region size 1024K, 57 young (58368K), 4 survivors (4096K)
 Metaspace       used 111847K, committed 112960K, reserved 557056K
  class space    used 15027K, committed 15552K, reserved 425984K
}
Event: 44.016 GC heap after
{Heap after GC invocations=52 (full 0):
 garbage-first heap   total 276480K, used 181490K [0x0000000080000000, 0x0000000100000000)
  region size 1024K, 8 young (8192K), 8 survivors (8192K)
 Metaspace       used 111847K, committed 112960K, reserved 557056K
  class space    used 15027K, committed 15552K, reserved 425984K
}

