# JRE version: OpenJDK Runtime Environment Microsoft-8297089 (17.0.8.1+1) (build 17.0.8.1+1-LTS)
# Java VM: OpenJDK 64-Bit Server VM Microsoft-8297089 (17.0.8.1+1-LTS, mixed mode, sharing, tiered, compressed oops, compressed class ptrs, g1 gc, windows-amd64)
GC Precious Log:
 CPUs: 12 total, 12 available
 Memory: 16303M
 Large Page Support: Disabled
 NUMA Support: Disabled
 Compressed Oops: Enabled (32-bit)
 Heap Region Size: 1M
 Heap Min Capacity: 8M
 Heap Initial Capacity: 256M
 Heap Max Capacity: 2G
 Pre-touch: Disabled
 Parallel Workers: 10
 Concurrent Workers: 3
 Concurrent Refinement Workers: 10
 Periodic GC: Disabled
Heap:
 garbage-first heap   total 248832K, used 167359K [0x0000000080000000, 0x0000000100000000)
  region size 1024K, 43 young (44032K), 6 survivors (6144K)
 Metaspace       used 103846K, committed 104640K, reserved 557056K
  class space    used 13977K, committed 14336K, reserved 425984K
GC Heap History (20 events):
Event: 21.050 GC heap before
{Heap before GC invocations=28 (full 0):
 garbage-first heap   total 162816K, used 94053K [0x0000000080000000, 0x0000000100000000)
  region size 1024K, 7 young (7168K), 5 survivors (5120K)
 Metaspace       used 92005K, committed 92736K, reserved 557056K
  class space    used 12673K, committed 12992K, reserved 425984K
}
Event: 21.055 GC heap after
{Heap after GC invocations=29 (full 0):
 garbage-first heap   total 162816K, used 92761K [0x0000000080000000, 0x0000000100000000)
  region size 1024K, 1 young (1024K), 1 survivors (1024K)
 Metaspace       used 92005K, committed 92736K, reserved 557056K
  class space    used 12673K, committed 12992K, reserved 425984K
}
Event: 24.361 GC heap before
{Heap before GC invocations=29 (full 0):
 garbage-first heap   total 162816K, used 134745K [0x0000000080000000, 0x0000000100000000)
  region size 1024K, 42 young (43008K), 1 survivors (1024K)
 Metaspace       used 96888K, committed 97600K, reserved 557056K
  class space    used 13176K, committed 13504K, reserved 425984K
}
Event: 24.364 GC heap after
{Heap after GC invocations=30 (full 0):
 garbage-first heap   total 162816K, used 95107K [0x0000000080000000, 0x0000000100000000)
  region size 1024K, 3 young (3072K), 3 survivors (3072K)
 Metaspace       used 96888K, committed 97600K, reserved 557056K
  class space    used 13176K, committed 13504K, reserved 425984K
}
Event: 26.462 GC heap before
{Heap before GC invocations=30 (full 0):
 garbage-first heap   total 162816K, used 136067K [0x0000000080000000, 0x0000000100000000)
  region size 1024K, 43 young (44032K), 3 survivors (3072K)
 Metaspace       used 97461K, committed 98176K, reserved 557056K
  class space    used 13199K, committed 13568K, reserved 425984K
}
Event: 26.467 GC heap after
{Heap after GC invocations=31 (full 0):
 garbage-first heap   total 162816K, used 98620K [0x0000000080000000, 0x0000000100000000)
  region size 1024K, 6 young (6144K), 6 survivors (6144K)
 Metaspace       used 97461K, committed 98176K, reserved 557056K
  class space    used 13199K, committed 13568K, reserved 425984K
}
Event: 27.181 GC heap before
{Heap before GC invocations=31 (full 0):
 garbage-first heap   total 162816K, used 135484K [0x0000000080000000, 0x0000000100000000)
  region size 1024K, 42 young (43008K), 6 survivors (6144K)
 Metaspace       used 101614K, committed 102400K, reserved 557056K
  class space    used 13770K, committed 14144K, reserved 425984K
}
Event: 27.189 GC heap after
{Heap after GC invocations=32 (full 0):
 garbage-first heap   total 162816K, used 103795K [0x0000000080000000, 0x0000000100000000)
  region size 1024K, 5 young (5120K), 5 survivors (5120K)
 Metaspace       used 101614K, committed 102400K, reserved 557056K
  class space    used 13770K, committed 14144K, reserved 425984K
}
Event: 27.650 GC heap before
{Heap before GC invocations=32 (full 0):
 garbage-first heap   total 162816K, used 136563K [0x0000000080000000, 0x0000000100000000)
  region size 1024K, 37 young (37888K), 5 survivors (5120K)
 Metaspace       used 102337K, committed 103104K, reserved 557056K
  class space    used 13852K, committed 14208K, reserved 425984K
}
Event: 27.656 GC heap after
{Heap after GC invocations=33 (full 0):
 garbage-first heap   total 162816K, used 107795K [0x0000000080000000, 0x0000000100000000)
  region size 1024K, 5 young (5120K), 5 survivors (5120K)
 Metaspace       used 102337K, committed 103104K, reserved 557056K
  class space    used 13852K, committed 14208K, reserved 425984K
}
Event: 28.025 GC heap before
{Heap before GC invocations=33 (full 0):
 garbage-first heap   total 162816K, used 134419K [0x0000000080000000, 0x0000000100000000)
  region size 1024K, 32 young (32768K), 5 survivors (5120K)
 Metaspace       used 102697K, committed 103488K, reserved 557056K
  class space    used 13878K, committed 14272K, reserved 425984K
}
Event: 28.030 GC heap after
{Heap after GC invocations=34 (full 0):
 garbage-first heap   total 162816K, used 110250K [0x0000000080000000, 0x0000000100000000)
  region size 1024K, 3 young (3072K), 3 survivors (3072K)
 Metaspace       used 102697K, committed 103488K, reserved 557056K
  class space    used 13878K, committed 14272K, reserved 425984K
}
Event: 28.130 GC heap before
{Heap before GC invocations=34 (full 0):
 garbage-first heap   total 162816K, used 135850K [0x0000000080000000, 0x0000000100000000)
  region size 1024K, 29 young (29696K), 3 survivors (3072K)
 Metaspace       used 102762K, committed 103616K, reserved 557056K
  class space    used 13878K, committed 14272K, reserved 425984K
}
Event: 28.134 GC heap after
{Heap after GC invocations=35 (full 0):
 garbage-first heap   total 162816K, used 113664K [0x0000000080000000, 0x0000000100000000)
  region size 1024K, 4 young (4096K), 4 survivors (4096K)
 Metaspace       used 102762K, committed 103616K, reserved 557056K
  class space    used 13878K, committed 14272K, reserved 425984K
}
Event: 28.337 GC heap before
{Heap before GC invocations=35 (full 0):
 garbage-first heap   total 162816K, used 138240K [0x0000000080000000, 0x0000000100000000)
  region size 1024K, 28 young (28672K), 4 survivors (4096K)
 Metaspace       used 102811K, committed 103616K, reserved 557056K
  class space    used 13879K, committed 14272K, reserved 425984K
}
Event: 28.340 GC heap after
{Heap after GC invocations=36 (full 0):
 garbage-first heap   total 248832K, used 115194K [0x0000000080000000, 0x0000000100000000)
  region size 1024K, 2 young (2048K), 2 survivors (2048K)
 Metaspace       used 102811K, committed 103616K, reserved 557056K
  class space    used 13879K, committed 14272K, reserved 425984K
}
Event: 29.019 GC heap before
{Heap before GC invocations=36 (full 0):
 garbage-first heap   total 248832K, used 219642K [0x0000000080000000, 0x0000000100000000)
  region size 1024K, 85 young (87040K), 2 survivors (2048K)
 Metaspace       used 103107K, committed 103936K, reserved 557056K
  class space    used 13897K, committed 14272K, reserved 425984K
}
Event: 29.024 GC heap after
{Heap after GC invocations=37 (full 0):
 garbage-first heap   total 248832K, used 121796K [0x0000000080000000, 0x0000000100000000)
  region size 1024K, 8 young (8192K), 8 survivors (8192K)
 Metaspace       used 103107K, committed 103936K, reserved 557056K
  class space    used 13897K, committed 14272K, reserved 425984K
}
Event: 29.343 GC heap before
{Heap before GC invocations=37 (full 0):
 garbage-first heap   total 248832K, used 217028K [0x0000000080000000, 0x0000000100000000)
  region size 1024K, 86 young (88064K), 8 survivors (8192K)
 Metaspace       used 103225K, committed 104064K, reserved 557056K
  class space    used 13904K, committed 14272K, reserved 425984K
}
Event: 29.351 GC heap after
{Heap after GC invocations=38 (full 0):
 garbage-first heap   total 248832K, used 127423K [0x0000000080000000, 0x0000000100000000)
  region size 1024K, 6 young (6144K), 6 survivors (6144K)
 Metaspace       used 103225K, committed 104064K, reserved 557056K
  class space    used 13904K, committed 14272K, reserved 425984K
}

